1676232226224:change
1676233272947:help
1676233276704:change 1
1676233298020:change 1 2 3 4
1676233454361:change 1
1676233464881:change 1 2 3
1676233488811:change --1 --2 --3
1676233504935:change --bill 1 --bill 2
1676233579680:change 1 2
1676233596359:change 1 2 3
1676233637110:change 1 2 3 4
1676233732175:help
1676233853720:change teste 1
1676233862615:change 1 2
1676234400051:change 1
1676234414210:change 0.2
1676234417875:change 1 2
1676239071817:change
1676239077125:change 1
1676239089339:change 1 10
1676239181308:change 1 10000000
1676239198829:change 1 10 3 10
1676239213384:change 1 2 5 100
1676239263018:change 1 10
